<?xml version="1.0" encoding="UTF-8"?>
<testng-results skipped="0" failed="0" ignored="0" total="1" passed="1">
  <reporter-output>
  </reporter-output>
  <suite name="Regression Suit" duration-ms="15683" started-at="2017-08-05T13:28:47Z" finished-at="2017-08-05T13:29:03Z">
    <groups>
    </groups>
    <test name="TC002__VerifyRegistration" duration-ms="15683" started-at="2017-08-05T13:28:47Z" finished-at="2017-08-05T13:29:03Z">
      <class name="homePage.TC002__VerifyRegistration">
        <test-method status="PASS" signature="setup()[pri:0, instance:homePage.TC002__VerifyRegistration@1e3bd51]" name="setup" is-config="true" duration-ms="10046" started-at="2017-08-05T18:58:47Z" finished-at="2017-08-05T18:58:57Z">
          <reporter-output>
          </reporter-output>
        </test-method> <!-- setup -->
        <test-method status="PASS" signature="registerUser()[pri:0, instance:homePage.TC002__VerifyRegistration@1e3bd51]" name="registerUser" duration-ms="5442" started-at="2017-08-05T18:58:57Z" finished-at="2017-08-05T18:59:03Z">
          <reporter-output>
          </reporter-output>
        </test-method> <!-- registerUser -->
        <test-method status="PASS" signature="endTest()[pri:0, instance:homePage.TC002__VerifyRegistration@1e3bd51]" name="endTest" is-config="true" duration-ms="118" started-at="2017-08-05T18:59:03Z" finished-at="2017-08-05T18:59:03Z">
          <reporter-output>
          </reporter-output>
        </test-method> <!-- endTest -->
      </class> <!-- homePage.TC002__VerifyRegistration -->
    </test> <!-- TC002__VerifyRegistration -->
  </suite> <!-- Regression Suit -->
</testng-results>
